Name:                                  scaletestapp-rps
Namespace:                             scaletest
Labels:                                <none>
Annotations:                           <none>
CreationTimestamp:                     Fri, 27 Feb 2026 17:14:19 +0300
Reference:                             Deployment/scaletestapp
Metrics:                               ( current / target )
  "http_requests_per_second" on pods:  309m / 5
Min replicas:                          1
Max replicas:                          10
Deployment pods:                       1 current / 1 desired
Conditions:
  Type            Status  Reason              Message
  ----            ------  ------              -------
  AbleToScale     True    ReadyForNewScale    recommended size matches current size
  ScalingActive   True    ValidMetricFound    the HPA was able to successfully calculate a replica count from pods metric http_requests_per_second
  ScalingLimited  False   DesiredWithinRange  the desired count is within the acceptable range
Events:
  Type     Reason                        Age   From                       Message
  ----     ------                        ----  ----                       -------
  Warning  FailedGetPodsMetric           98s   horizontal-pod-autoscaler  unable to get metric http_requests_per_second: unable to fetch metrics from custom metrics API: no known available metric versions found
  Warning  FailedComputeMetricsReplicas  98s   horizontal-pod-autoscaler  invalid metrics (1 invalid out of 1), first error is: failed to get pods metric value: unable to get metric http_requests_per_second: unable to fetch metrics from custom metrics API: no known available metric versions found
